<?xml version="1.0" encoding="UTF-8"?>
<testng-results ignored="0" total="8" passed="8" failed="0" skipped="0">
  <reporter-output>
  </reporter-output>
  <suite started-at="2022-12-25T11:26:53 IST" name="Default suite" finished-at="2022-12-25T11:28:41 IST" duration-ms="107657">
    <groups>
      <group name="cucumber">
        <method signature="AbstractTestNGCucumberTests.runScenario(io.cucumber.testng.PickleWrapper,io.cucumber.testng.FeatureWrapper)[pri:0, instance:cucumberRunner.TestNGTestRunner@742ff096]" name="runScenario" class="io.cucumber.testng.AbstractTestNGCucumberTests"/>
      </group> <!-- cucumber -->
    </groups>
    <test started-at="2022-12-25T11:26:53 IST" name="Default test" finished-at="2022-12-25T11:28:41 IST" duration-ms="107657">
      <class name="cucumberRunner.TestNGTestRunner">
        <test-method is-config="true" signature="setUpClass(org.testng.ITestContext)[pri:0, instance:cucumberRunner.TestNGTestRunner@742ff096]" started-at="2022-12-25T11:26:53 IST" name="setUpClass" finished-at="2022-12-25T11:26:54 IST" duration-ms="1090" status="PASS">
          <params>
            <param index="0">
              <value>
                <![CDATA[org.testng.TestRunner@1a1f79ce]]>
              </value>
            </param>
          </params>
          <reporter-output>
          </reporter-output>
        </test-method> <!-- setUpClass -->
        <test-method signature="runScenario(io.cucumber.testng.PickleWrapper,io.cucumber.testng.FeatureWrapper)[pri:0, instance:cucumberRunner.TestNGTestRunner@742ff096]" started-at="2022-12-25T11:26:54 IST" name="runScenario" description="Runs Cucumber Scenarios" data-provider="scenarios" finished-at="2022-12-25T11:27:12 IST" duration-ms="17572" status="PASS">
          <params>
            <param index="0">
              <value>
                <![CDATA["Verify Book Search Functionality"]]>
              </value>
            </param>
            <param index="1">
              <value>
                <![CDATA["HomePage Functionality Test"]]>
              </value>
            </param>
          </params>
          <reporter-output>
          </reporter-output>
        </test-method> <!-- runScenario -->
        <test-method signature="runScenario(io.cucumber.testng.PickleWrapper,io.cucumber.testng.FeatureWrapper)[pri:0, instance:cucumberRunner.TestNGTestRunner@742ff096]" started-at="2022-12-25T11:27:12 IST" name="runScenario" description="Runs Cucumber Scenarios" data-provider="scenarios" finished-at="2022-12-25T11:27:27 IST" duration-ms="15038" status="PASS">
          <params>
            <param index="0">
              <value>
                <![CDATA["Verify Add to Cart Functionality"]]>
              </value>
            </param>
            <param index="1">
              <value>
                <![CDATA["HomePage Functionality Test"]]>
              </value>
            </param>
          </params>
          <reporter-output>
          </reporter-output>
        </test-method> <!-- runScenario -->
        <test-method signature="runScenario(io.cucumber.testng.PickleWrapper,io.cucumber.testng.FeatureWrapper)[pri:0, instance:cucumberRunner.TestNGTestRunner@742ff096]" started-at="2022-12-25T11:27:27 IST" name="runScenario" description="Runs Cucumber Scenarios" data-provider="scenarios" finished-at="2022-12-25T11:27:43 IST" duration-ms="16356" status="PASS">
          <params>
            <param index="0">
              <value>
                <![CDATA["Verify account Creation Functionality"]]>
              </value>
            </param>
            <param index="1">
              <value>
                <![CDATA["HomePage Functionality Test"]]>
              </value>
            </param>
          </params>
          <reporter-output>
          </reporter-output>
        </test-method> <!-- runScenario -->
        <test-method signature="runScenario(io.cucumber.testng.PickleWrapper,io.cucumber.testng.FeatureWrapper)[pri:0, instance:cucumberRunner.TestNGTestRunner@742ff096]" started-at="2022-12-25T11:27:43 IST" name="runScenario" description="Runs Cucumber Scenarios" data-provider="scenarios" finished-at="2022-12-25T11:27:53 IST" duration-ms="10039" status="PASS">
          <params>
            <param index="0">
              <value>
                <![CDATA["Verify store Location functionality"]]>
              </value>
            </param>
            <param index="1">
              <value>
                <![CDATA["HomePage Functionality Test"]]>
              </value>
            </param>
          </params>
          <reporter-output>
          </reporter-output>
        </test-method> <!-- runScenario -->
        <test-method signature="runScenario(io.cucumber.testng.PickleWrapper,io.cucumber.testng.FeatureWrapper)[pri:0, instance:cucumberRunner.TestNGTestRunner@742ff096]" started-at="2022-12-25T11:27:53 IST" name="runScenario" description="Runs Cucumber Scenarios" data-provider="scenarios" finished-at="2022-12-25T11:28:05 IST" duration-ms="11141" status="PASS">
          <params>
            <param index="0">
              <value>
                <![CDATA["Verify contact us functionality"]]>
              </value>
            </param>
            <param index="1">
              <value>
                <![CDATA["HomePage Functionality Test"]]>
              </value>
            </param>
          </params>
          <reporter-output>
          </reporter-output>
        </test-method> <!-- runScenario -->
        <test-method signature="runScenario(io.cucumber.testng.PickleWrapper,io.cucumber.testng.FeatureWrapper)[pri:0, instance:cucumberRunner.TestNGTestRunner@742ff096]" started-at="2022-12-25T11:28:05 IST" name="runScenario" description="Runs Cucumber Scenarios" data-provider="scenarios" finished-at="2022-12-25T11:28:16 IST" duration-ms="11884" status="PASS">
          <params>
            <param index="0">
              <value>
                <![CDATA["Verify return and refund functionality"]]>
              </value>
            </param>
            <param index="1">
              <value>
                <![CDATA["HomePage Functionality Test"]]>
              </value>
            </param>
          </params>
          <reporter-output>
          </reporter-output>
        </test-method> <!-- runScenario -->
        <test-method signature="runScenario(io.cucumber.testng.PickleWrapper,io.cucumber.testng.FeatureWrapper)[pri:0, instance:cucumberRunner.TestNGTestRunner@742ff096]" started-at="2022-12-25T11:28:16 IST" name="runScenario" description="Runs Cucumber Scenarios" data-provider="scenarios" finished-at="2022-12-25T11:28:28 IST" duration-ms="11782" status="PASS">
          <params>
            <param index="0">
              <value>
                <![CDATA["Verify term of service feature"]]>
              </value>
            </param>
            <param index="1">
              <value>
                <![CDATA["HomePage Functionality Test"]]>
              </value>
            </param>
          </params>
          <reporter-output>
          </reporter-output>
        </test-method> <!-- runScenario -->
        <test-method signature="runScenario(io.cucumber.testng.PickleWrapper,io.cucumber.testng.FeatureWrapper)[pri:0, instance:cucumberRunner.TestNGTestRunner@742ff096]" started-at="2022-12-25T11:28:28 IST" name="runScenario" description="Runs Cucumber Scenarios" data-provider="scenarios" finished-at="2022-12-25T11:28:41 IST" duration-ms="12524" status="PASS">
          <params>
            <param index="0">
              <value>
                <![CDATA["Verify non returnable items functionality"]]>
              </value>
            </param>
            <param index="1">
              <value>
                <![CDATA["HomePage Functionality Test"]]>
              </value>
            </param>
          </params>
          <reporter-output>
          </reporter-output>
        </test-method> <!-- runScenario -->
        <test-method is-config="true" signature="tearDownClass()[pri:0, instance:cucumberRunner.TestNGTestRunner@742ff096]" started-at="2022-12-25T11:28:41 IST" name="tearDownClass" finished-at="2022-12-25T11:28:41 IST" duration-ms="123" status="PASS">
          <reporter-output>
          </reporter-output>
        </test-method> <!-- tearDownClass -->
      </class> <!-- cucumberRunner.TestNGTestRunner -->
    </test> <!-- Default test -->
  </suite> <!-- Default suite -->
</testng-results>
